c:\users\there\source\repos\c++binarysearchtreeiterator\c++binar.8720c813\x64\debug\vc143.pdb
c:\users\there\source\repos\c++binarysearchtreeiterator\c++binar.8720c813\x64\debug\vc143.idb
c:\users\there\source\repos\c++binarysearchtreeiterator\c++binar.8720c813\x64\debug\c++binarysearchtreeiterator.obj
c:\users\there\source\repos\c++binarysearchtreeiterator\x64\debug\c++binarysearchtreeiterator.exe
c:\users\there\source\repos\c++binarysearchtreeiterator\x64\debug\c++binarysearchtreeiterator.pdb
c:\users\there\source\repos\c++binarysearchtreeiterator\c++binar.8720c813\x64\debug\c++binarysearchtreeiterator.ilk
c:\users\there\source\repos\robertsmithconsultingllc\leetcode\c++binarysearchtreeiterator\c++binar.8720c813\x64\debug\c++binarysearchtreeiterator.obj
c:\users\there\source\repos\robertsmithconsultingllc\leetcode\c++binarysearchtreeiterator\c++binar.8720c813\x64\debug\c++binarysearchtreeiterator.ilk
c:\users\there\source\repos\robertsmithconsultingllc\leetcode\c++binarysearchtreeiterator\c++binar.8720c813\x64\debug\vc143.idb
c:\users\there\source\repos\robertsmithconsultingllc\leetcode\c++binarysearchtreeiterator\c++binar.8720c813\x64\debug\vc143.pdb
c:\users\there\source\repos\robertsmithconsultingllc\leetcode\c++binarysearchtreeiterator\x64\debug\c++binarysearchtreeiterator.pdb
c:\users\there\source\repos\robertsmithconsultingllc\leetcode\c++binarysearchtreeiterator\x64\debug\c++binarysearchtreeiterator.exe
c:\users\there\source\repos\robertsmithconsultingllc\leetcode\c++binarysearchtreeiterator\c++binar.8720c813\x64\debug\c++binar.8720c813.tlog\cl.command.1.tlog
c:\users\there\source\repos\robertsmithconsultingllc\leetcode\c++binarysearchtreeiterator\c++binar.8720c813\x64\debug\c++binar.8720c813.tlog\cl.items.tlog
c:\users\there\source\repos\robertsmithconsultingllc\leetcode\c++binarysearchtreeiterator\c++binar.8720c813\x64\debug\c++binar.8720c813.tlog\cl.read.1.tlog
c:\users\there\source\repos\robertsmithconsultingllc\leetcode\c++binarysearchtreeiterator\c++binar.8720c813\x64\debug\c++binar.8720c813.tlog\cl.write.1.tlog
c:\users\there\source\repos\robertsmithconsultingllc\leetcode\c++binarysearchtreeiterator\c++binar.8720c813\x64\debug\c++binar.8720c813.tlog\link.command.1.tlog
c:\users\there\source\repos\robertsmithconsultingllc\leetcode\c++binarysearchtreeiterator\c++binar.8720c813\x64\debug\c++binar.8720c813.tlog\link.read.1.tlog
c:\users\there\source\repos\robertsmithconsultingllc\leetcode\c++binarysearchtreeiterator\c++binar.8720c813\x64\debug\c++binar.8720c813.tlog\link.secondary.1.tlog
c:\users\there\source\repos\robertsmithconsultingllc\leetcode\c++binarysearchtreeiterator\c++binar.8720c813\x64\debug\c++binar.8720c813.tlog\link.write.1.tlog
